Coord [  3 102] fail to be fitted, set all parameters as 0
Coord [  6 108] fail to be fitted, set all parameters as 0
Coord [13 76] fail to be fitted, set all parameters as 0
Coord [68 20] fail to be fitted, set all parameters as 0
Coord [93 82] fail to be fitted, set all parameters as 0
Coord [123 121] fail to be fitted, set all parameters as 0
Coord [174 152] fail to be fitted, set all parameters as 0
Coord [  9 105] fail to be fitted, set all parameters as 0
Coord [ 6 91] fail to be fitted, set all parameters as 0
Coord [24 38] fail to be fitted, set all parameters as 0
Coord [31 69] fail to be fitted, set all parameters as 0
Coord [52 31] fail to be fitted, set all parameters as 0
Coord [ 48 111] fail to be fitted, set all parameters as 0
Coord [ 50 136] fail to be fitted, set all parameters as 0
Coord [65 19] fail to be fitted, set all parameters as 0
Coord [85 90] fail to be fitted, set all parameters as 0
Coord [93 39] fail to be fitted, set all parameters as 0
Coord [112  22] fail to be fitted, set all parameters as 0
Coord [113  90] fail to be fitted, set all parameters as 0
RMSE ALL = 1.1012533259749873
RMSE tumor = 0.8738487495814554
RMSE ALL = 0.7486834751099851
RMSE tumor = 0.5262487207023069
RMSE ALL = 0.7917667107032991
RMSE tumor = 0.5872509471586371
RMSE ALL = 0.9532168349327786
RMSE tumor = 0.7328442715804747
RMSE ALL = 0.4523690024168794
RMSE tumor = 0.2807452216096586
RMSE ALL = 0.459810521704864
RMSE tumor = 0.29123733757520764
RMSE ALL = 0.7796733390501978
RMSE tumor = 0.572203407043634
RMSE ALL = 0.9372766262885655
RMSE tumor = 0.7233210495127779
RMSE ALL = 0.5921277388640886
RMSE tumor = 0.4552961404962837
RMSE ALL = 0.5538652441891485
RMSE tumor = 0.41246848392199315
RMSE ALL = 1.242022638482037
RMSE tumor = 1.0366339520287913
RMSE ALL = 0.7892794308192463
RMSE tumor = 0.5779756121276819
RMSE ALL = 0.8775075845411515
RMSE tumor = 0.6807700747819165
RMSE ALL = 3.177966268317401
RMSE tumor = 2.983754064168448
RMSE ALL = 1.2616147681066696
RMSE tumor = 1.0481683457635804
RMSE ALL = 1.0255678542458115
RMSE tumor = 0.8123915824729308
RMSE ALL = 0.8557071639772158
RMSE tumor = 0.6436859286076259
RMSE ALL = 0.8406123129256322
RMSE tumor = 0.6322809721554423
RMSE ALL = 0.7849992288667146
RMSE tumor = 0.6109498616621852
RMSE ALL = 1.0118927353204845
RMSE tumor = 0.835431975271542
RMSE ALL = 0.8222807197441053
RMSE tumor = 0.6574013273828377
RMSE ALL = 0.7279169718102312
RMSE tumor = 0.5528845651727655
RMSE ALL = 0.8038654521539239
RMSE tumor = 0.6188438189564341
RMSE ALL = 1.3957924804165458
RMSE tumor = 1.1983400823450563
RMSE ALL = 0.3434129050536737
RMSE tumor = 0.21350924270606716
RMSE ALL = 0.5151687213412522
RMSE tumor = 0.38561567385291573
RMSE ALL = 0.5999750027743742
RMSE tumor = 0.45951429943968886
RMSE ALL = 0.7183578198508793
RMSE tumor = 0.5533710231293689
RMSE ALL = 0.8346138577460036
RMSE tumor = 0.6484009142035406
RMSE ALL = 0.8971368858812956
RMSE tumor = 0.709230937758015
RMSE ALL = 0.6306558882549791
RMSE tumor = 0.43929494880030123
RMSE ALL = 0.5875798075506362
RMSE tumor = 0.40705671141848465
RMSE ALL = 0.8155493392820472
RMSE tumor = 0.6415451940548168
RMSE ALL = 0.4022620255506589
RMSE tumor = 0.2681901198292558
RMSE ALL = 0.42086596561905176
RMSE tumor = 0.28608147644715654
RMSE ALL = 0.760744493482719
RMSE tumor = 0.5790910935100776
RMSE ALL = 0.7368668580303879
RMSE tumor = 0.5641234859734379
RMSE ALL = 0.67211173310053
RMSE tumor = 0.4872175304545352
RMSE ALL = 0.9053752067864931
RMSE tumor = 0.7129494419468033
RMSE ALL = 0.845929383410181
RMSE tumor = 0.6340315813934009
RMSE ALL = 1.0401394893473839
RMSE tumor = 0.8278037100755263
RMSE ALL = 0.8779673466867075
RMSE tumor = 0.6547410717394054
RMSE ALL = 1.488952177363879
RMSE tumor = 1.3001918527131904
RMSE ALL = 0.95326688287969
RMSE tumor = 0.764632738796171
RMSE ALL = 0.4131144547524196
RMSE tumor = 0.27018138964644867
RMSE ALL = 0.47100835949538256
RMSE tumor = 0.3390009151461229
RMSE ALL = 0.6230352705437058
RMSE tumor = 0.4739913899325547
RMSE ALL = 0.5450159608007774
RMSE tumor = 0.3898150383842109
RMSE ALL = 0.31933512918294804
RMSE tumor = 0.172287934774111
RMSE ALL = 0.6347406842511141
RMSE tumor = 0.4908394640073504
RMSE ALL = 0.5462622471691405
RMSE tumor = 0.4092112356267297
RMSE ALL = 0.5498743018287143
RMSE tumor = 0.4160957318397504
RMSE ALL = 0.2986805656768271
RMSE tumor = 0.17477343409666554
RMSE ALL = 0.7061009463967014
RMSE tumor = 0.5267503261800247
RMSE ALL = 0.4754711461556008
RMSE tumor = 0.32778496938648366
RMSE ALL = 0.6209173449212055
RMSE tumor = 0.4291510709677731
RMSE ALL = 0.36808455098565374
RMSE tumor = 0.23186088627494839
RMSE ALL = 1.000254359012818
RMSE tumor = 0.8682957801496148
RMSE ALL = 0.4444316707212501
RMSE tumor = 0.31684686842923077
RMSE ALL = 0.3287325698404765
RMSE tumor = 0.20234860965657261
RMSE ALL = 0.7560265239562062
RMSE tumor = 0.6306530471109336
RMSE ALL = 0.9955653350045166
RMSE tumor = 0.7796394794652574
RMSE ALL = 0.9371954730128988
RMSE tumor = 0.7331352602835398
RMSE ALL = 0.943514528766993
RMSE tumor = 0.7329611100433212
RMSE ALL = 0.8890994221566993
RMSE tumor = 0.6784302671722174
RMSE ALL = 0.9038485176155315
RMSE tumor = 0.7195464784161997
RMSE ALL = 0.4483881073775472
RMSE tumor = 0.28434632451141156
RMSE ALL = 0.39506439895356404
RMSE tumor = 0.2692448710877436
RMSE ALL = 0.4046881102175147
RMSE tumor = 0.28074384987426265
RMSE ALL = 0.4929020671850162
RMSE tumor = 0.3670596628624268
RMSE ALL = 0.6752701205327032
RMSE tumor = 0.5502399452976634
RMSE ALL = 0.9695631906444666
RMSE tumor = 0.7693674118330119
RMSE ALL = 0.6645608271153824
RMSE tumor = 0.4815130521780823
RMSE ALL = 1.348863347281813
RMSE tumor = 1.1438512405163703
RMSE ALL = 0.7369873588426774
RMSE tumor = 0.5282367703043279
RMSE ALL = 0.576055178467457
RMSE tumor = 0.3941207933891697
RMSE ALL = 1.0969115981410038
RMSE tumor = 0.914624256066351
RMSE ALL = 1.3614146324016918
RMSE tumor = 1.156588997720389
RMSE ALL = 0.6130613045870874
RMSE tumor = 0.4239076534515321
RMSE ALL = 0.44621530503249746
RMSE tumor = 0.293609538840771
RMSE ALL = 0.6131696442881467
RMSE tumor = 0.476046257173911
RMSE ALL = 0.5319939549569628
RMSE tumor = 0.38818520278597096
RMSE ALL = 0.38875987244921884
RMSE tumor = 0.25861213431468605
RMSE ALL = 0.3889537896848898
RMSE tumor = 0.24527081386326266
RMSE ALL = 0.3521974947663536
RMSE tumor = 0.20573138468873342
RMSE ALL = 0.551500875415298
RMSE tumor = 0.3795877210560891
RMSE ALL = 0.5785762116522469
RMSE tumor = 0.4008887082339036
RMSE ALL = 1.0615046503899448
RMSE tumor = 0.8657905550220911
RMSE ALL = 0.675915940063792
RMSE tumor = 0.4814303483771192
RMSE ALL = 0.6796471146332428
RMSE tumor = 0.492013704362571
RMSE ALL = 0.6732152534936913
RMSE tumor = 0.4745102642557766
RMSE ALL = 0.4701589417109581
RMSE tumor = 0.3301931995909223
RMSE ALL = 0.5019264628540439
RMSE tumor = 0.3618068829546118
RMSE ALL = 0.863569535764523
RMSE tumor = 0.6799781944598008
RMSE ALL = 0.8105514928874904
RMSE tumor = 0.6050164197728991
RMSE ALL = 0.916180476102733
RMSE tumor = 0.7233709632254385
RMSE ALL = 1.3428209865542575
RMSE tumor = 1.156247645848157
RMSE ALL = 0.7327374782864291
RMSE tumor = 0.577441924476176
RMSE ALL = 0.36931338564795124
RMSE tumor = 0.19837110120363763
RMSE ALL = 0.67062146576694
RMSE tumor = 0.5031873055318375
RMSE ALL = 0.7165086891669789
RMSE tumor = 0.5621139524321955
RMSE ALL = 0.6837205780387186
RMSE tumor = 0.5107316884859542
RMSE ALL = 1.0290435061868566
RMSE tumor = 0.8369485485641431
RMSE ALL = 0.7552768930750591
RMSE tumor = 0.5646219431249547
RMSE ALL = 0.5702552039519242
RMSE tumor = 0.39786245860726205
RMSE ALL = 0.4949365972464158
RMSE tumor = 0.3079279658832214
RMSE ALL = 0.7797621840561744
RMSE tumor = 0.6053046893925776
RMSE ALL = 0.7137875457464451
RMSE tumor = 0.5354068574129687
RMSE ALL = 0.6150631581424908
RMSE tumor = 0.4446646624270167
RMSE ALL = 0.5657231609307806
RMSE tumor = 0.4289751785106379
RMSE ALL = 0.6251379395614608
RMSE tumor = 0.4867775372135692
RMSE ALL = 0.9607528704774313
RMSE tumor = 0.7677199089237674
RMSE ALL = 0.8061656774338086
RMSE tumor = 0.5984073048229599
RMSE ALL = 1.8741623190601042
RMSE tumor = 1.6726135479237023
RMSE ALL = 0.8007146302484061
RMSE tumor = 0.5994492290242561
RMSE ALL = 0.7631135166079117
RMSE tumor = 0.5921127962257156
RMSE ALL = 0.7052052346562039
RMSE tumor = 0.5302414858943675
RMSE ALL = 0.5819743504633117
RMSE tumor = 0.42673985306024914
RMSE ALL = 0.7298881883351531
RMSE tumor = 0.5624339992663556
RMSE ALL = 1.1506161452466275
RMSE tumor = 0.9776048389579733
RMSE ALL = 0.6994047210374843
RMSE tumor = 0.5146621978813132
RMSE ALL = 0.8033033279908794
RMSE tumor = 0.6137863889917027
RMSE ALL = 0.5106830210871429
RMSE tumor = 0.3728504992817177
RMSE ALL = 0.5117819959184622
RMSE tumor = 0.373714131266173
RMSE ALL = 0.6308977726108425
RMSE tumor = 0.4430837399405432
RMSE ALL = 0.7996112938849076
RMSE tumor = 0.6176552578871507
RMSE ALL = 1.045142807167359
RMSE tumor = 0.8379662060347512
RMSE ALL = 0.44019546191107384
RMSE tumor = 0.23939251817705184
RMSE ALL = 0.8602884304075893
RMSE tumor = 0.6782889504038727
RMSE ALL = 0.41188140018058167
RMSE tumor = 0.2264030067987287
RMSE ALL = 0.7624753905757276
RMSE tumor = 0.6054798606047137
RMSE ALL = 0.6955431842684261
RMSE tumor = 0.517118931432063
RMSE ALL = 0.9569214272786861
RMSE tumor = 0.7703416650014012
RMSE ALL = 0.8105479401238163
RMSE tumor = 0.6451338432928672
RMSE ALL = 0.9458474446150753
RMSE tumor = 0.7840851765247144
RMSE ALL = 0.9491890933116542
RMSE tumor = 0.7739184911107794
RMSE ALL = 1.1688497256988075
RMSE tumor = 0.9951820207673006
RMSE ALL = 0.3557973139957008
RMSE tumor = 0.23195471431518302
RMSE ALL = 0.3497403906258306
RMSE tumor = 0.22050324003170219
RMSE ALL = 0.44474692242959335
RMSE tumor = 0.3176627408287711
RMSE ALL = 0.2632903029565884
RMSE tumor = 0.14038309685037093
RMSE ALL = 0.7091986800118277
RMSE tumor = 0.5461962697382068
RMSE ALL = 0.5105369814118568
RMSE tumor = 0.3379959597374149
RMSE ALL = 0.7143236487722628
RMSE tumor = 0.5392317028790499
RMSE ALL = 0.8239262577787935
RMSE tumor = 0.6558950824297746
RMSE ALL = 0.4190412304965044
RMSE tumor = 0.2751051482489291
RMSE ALL = 0.6540360746129139
RMSE tumor = 0.5093231994489834
RMSE ALL = 0.6243894914036403
RMSE tumor = 0.46383388640441797
RMSE ALL = 0.761658026973748
RMSE tumor = 0.5971571964848889
RMSE ALL = 0.9117560558623442
RMSE tumor = 0.7343301756300696
RMSE ALL = 0.6318703841610512
RMSE tumor = 0.44667440702787853
RMSE ALL = 0.6063645480215305
RMSE tumor = 0.44009183949934205
RMSE ALL = 1.238937168334711
RMSE tumor = 1.0483291497571596
RMSE ALL = 0.7648139008268635
RMSE tumor = 0.57902233754028
RMSE ALL = 0.8908529726871486
RMSE tumor = 0.7108285016614282
RMSE ALL = 0.7849138097706292
RMSE tumor = 0.5959161189970915
RMSE ALL = 0.8087119536385943
RMSE tumor = 0.5987403377528773
RMSE ALL = 1.206351151452852
RMSE tumor = 0.999509651129629
RMSE ALL = 0.9100550780549128
RMSE tumor = 0.7337060380462149
RMSE ALL = 0.7530458759517147
RMSE tumor = 0.5729722459263124
RMSE ALL = 0.7290343226702601
RMSE tumor = 0.5576388876004758
RMSE ALL = 0.5658077321689559
RMSE tumor = 0.374796421097556
RMSE ALL = 0.8030529473760195
RMSE tumor = 0.6137397711501787
RMSE ALL = 0.5086876570063269
RMSE tumor = 0.3219285647636881
RMSE ALL = 0.8164767566355129
RMSE tumor = 0.6044932644880375
RMSE ALL = 0.7453607244850057
RMSE tumor = 0.5374405386476949
RMSE ALL = 0.5411555588738048
RMSE tumor = 0.3404283404245078
RMSE ALL = 0.5068050875947392
RMSE tumor = 0.3132284024469345
RMSE ALL = 0.6137853025614881
RMSE tumor = 0.4260693787868672
RMSE ALL = 0.9984785694830763
RMSE tumor = 0.7894830151251454
RMSE ALL = 0.8280702127413767
RMSE tumor = 0.6142867361014858
RMSE ALL = 4.88378637994755
RMSE tumor = 4.680193795308479
RMSE ALL = 0.243572994077069
RMSE tumor = 0.10888857862556871
RMSE ALL = 0.4486303201364975
RMSE tumor = 0.2541163547346758
RMSE ALL = 0.6146062136544599
RMSE tumor = 0.4276625096225282
RMSE ALL = 0.9021235057967238
RMSE tumor = 0.6940855416746912
RMSE ALL = 0.8993942424838023
RMSE tumor = 0.695910721098593
RMSE ALL = 0.852075181519824
RMSE tumor = 0.6930707771578924
RMSE ALL = 0.5093086911699956
RMSE tumor = 0.33297161629001676
RMSE ALL = 0.7737957467598204
RMSE tumor = 0.5935962886608436
RMSE ALL = 0.9539956907622451
RMSE tumor = 0.7905375035058716
RMSE ALL = 0.934386697115648
RMSE tumor = 0.713742141335158
RMSE ALL = 0.6408081968888771
RMSE tumor = 0.44237206263684553
RMSE ALL = 1.4213788163327026
RMSE tumor = 1.2024647263482373
RMSE ALL = 0.5510474800039203
RMSE tumor = 0.4183280307708992
RMSE ALL = 0.27069518939019244
RMSE tumor = 0.14400861921292954
RMSE ALL = 0.5001897900427574
RMSE tumor = 0.36272125259354965
RMSE ALL = 0.45399427185979646
RMSE tumor = 0.31992986035079046
RMSE ALL = 0.44781499102054767
RMSE tumor = 0.31601532989259695
RMSE ALL = 0.3296466745474088
RMSE tumor = 0.20456346474929046
RMSE ALL = 0.35980307838259534
RMSE tumor = 0.22609907540534954
RMSE ALL = 0.5174248123304361
RMSE tumor = 0.38480747259960085
RMSE ALL = 0.5455758167160785
RMSE tumor = 0.40755777538611365
RMSE ALL = 0.40195238337089656
RMSE tumor = 0.2313469381325168
RMSE ALL = 0.6203227401019746
RMSE tumor = 0.4561470760810085
RMSE ALL = 0.5798676281963762
RMSE tumor = 0.4149989163001225
RMSE ALL = 0.6651696590288294
RMSE tumor = 0.502866855168597
RMSE ALL = 0.4374819385308505
RMSE tumor = 0.3161929149199301
RMSE ALL = 0.3898388773264931
RMSE tumor = 0.2615884805752082
RMSE ALL = 0.4448838074363501
RMSE tumor = 0.2610949559236158
RMSE ALL = 0.44027202314886416
RMSE tumor = 0.29011547210532157
RMSE ALL = 0.6295003019987914
RMSE tumor = 0.48002639105676653
RMSE ALL = 0.3265082645129479
RMSE tumor = 0.18192731162903839
RMSE ALL = 0.8053476812660499
RMSE tumor = 0.6052189478240356
RMSE ALL = 0.40187629168702954
RMSE tumor = 0.2081454315459675
RMSE ALL = 0.8694006381221928
RMSE tumor = 0.6597253923439023
RMSE ALL = 0.4064937469550021
RMSE tumor = 0.2711780488844589
RMSE ALL = 0.5275102173292259
RMSE tumor = 0.39476729909620994
RMSE ALL = 0.72355890258432
RMSE tumor = 0.5824856546048442
RMSE ALL = 0.3680991879985426
RMSE tumor = 0.232961079259745
RMSE ALL = 0.9611706787172793
RMSE tumor = 0.7756139209172925
RMSE ALL = 0.8129599332605935
RMSE tumor = 0.6453499634330052
RMSE ALL = 0.5628413088946206
RMSE tumor = 0.3844641103880709
RMSE ALL = 0.8548716354317669
RMSE tumor = 0.6924528607943095
RMSE ALL = 0.5778417498879622
RMSE tumor = 0.43948628590354155
RMSE ALL = 0.41425011024433633
RMSE tumor = 0.28218166228926417
RMSE ALL = 0.38979363787100324
RMSE tumor = 0.2545802337483945
RMSE ALL = 1.1788475273604613
RMSE tumor = 1.0083026091314453
RMSE ALL = 0.7732534338524567
RMSE tumor = 0.6121949873758433
RMSE ALL = 1.0851059112675547
RMSE tumor = 0.9047299334950213
RMSE ALL = 0.5847831403289876
RMSE tumor = 0.40332737041450234
RMSE ALL = 0.55486723732989
RMSE tumor = 0.3951669947712841
RMSE ALL = 0.5950132796236616
RMSE tumor = 0.4371393533554186
RMSE ALL = 0.6637541511720888
RMSE tumor = 0.469458649250119
RMSE ALL = 0.8333910307457624
RMSE tumor = 0.6888781943362451
RMSE ALL = 0.4207481923936835
RMSE tumor = 0.28499738117224255
RMSE ALL = 0.34700154952958345
RMSE tumor = 0.2215264649732395
RMSE ALL = 0.3524254744745018
RMSE tumor = 0.21522609565036066
RMSE ALL = 0.28265185765025075
RMSE tumor = 0.1562824370898771
RMSE ALL = 0.26450529288186636
RMSE tumor = 0.1289777696129735
RMSE ALL = 0.5480695276960383
RMSE tumor = 0.4289731389488521
RMSE ALL = 0.45755653089244985
RMSE tumor = 0.3275104204151365
RMSE ALL = 0.5615033439360713
RMSE tumor = 0.4132948817950312
RMSE ALL = 0.7787500602436799
RMSE tumor = 0.6314952590841703
RMSE ALL = 0.5844216774693807
RMSE tumor = 0.41289227289129077
RMSE ALL = 0.9568558419867059
RMSE tumor = 0.7884452747657876
RMSE ALL = 0.43614303498432067
RMSE tumor = 0.24999044209508572
RMSE ALL = 0.5394520752385623
RMSE tumor = 0.3597398136082885
RMSE ALL = 0.6480975128477826
RMSE tumor = 0.4613231073291651
RMSE ALL = 0.6667011702971266
RMSE tumor = 0.474405462668735
RMSE ALL = 0.8280232003876858
RMSE tumor = 0.6140140618949713
RMSE ALL = 0.8248688350221804
RMSE tumor = 0.6174774501793809
RMSE ALL = 0.8680720390626622
RMSE tumor = 0.6781153295555077
RMSE ALL = 1.2340737284079328
RMSE tumor = 1.0282112117751554
RMSE ALL = 0.48531975916591674
RMSE tumor = 0.34270701194870307
RMSE ALL = 0.748498449570676
RMSE tumor = 0.5874152294905017
RMSE ALL = 0.4288948056556632
RMSE tumor = 0.29872838888630565
RMSE ALL = 0.6737784016108396
RMSE tumor = 0.5075574977184406
RMSE ALL = 0.6672248383910603
RMSE tumor = 0.4969437381821613
RMSE ALL = 0.798025870255934
RMSE tumor = 0.6011807459744204
RMSE ALL = 1.0097434953444417
RMSE tumor = 0.8088317590824516
RMSE ALL = 0.5001703944457858
RMSE tumor = 0.32676615566716005
RMSE ALL = 0.6492659412816331
RMSE tumor = 0.4688367620040921
RMSE ALL = 0.9247457284800865
RMSE tumor = 0.7359201676983159
RMSE ALL = 0.8629756457955087
RMSE tumor = 0.6761528674660169
RMSE ALL = 0.9204350655801783
RMSE tumor = 0.7148250077693047
RMSE ALL = 1.1983887373081121
RMSE tumor = 0.9930387910766066
RMSE ALL = 0.9789875310800705
RMSE tumor = 0.7557153839822521
RMSE ALL = 0.9340275817503072
RMSE tumor = 0.7127573839585706
RMSE ALL = 1.0049802050939047
RMSE tumor = 0.7791316907364544
RMSE ALL = 0.6407887641765071
RMSE tumor = 0.5110318987048414
RMSE ALL = 0.3073117896504527
RMSE tumor = 0.18153279228004046
RMSE ALL = 0.40286117405330457
RMSE tumor = 0.27711295593101776
RMSE ALL = 0.4628622907394415
RMSE tumor = 0.34094055861139744
RMSE ALL = 0.27900903138756217
RMSE tumor = 0.1578106134836161
RMSE ALL = 0.3098705648342722
RMSE tumor = 0.19121418104010682
RMSE ALL = 0.7030810487118089
RMSE tumor = 0.5543635109170345
RMSE ALL = 0.4827059936918299
RMSE tumor = 0.3329266568662384
RMSE ALL = 0.616484369430214
RMSE tumor = 0.41773700634913064
RMSE ALL = 0.6188912217201364
RMSE tumor = 0.4273343971544625
RMSE ALL = 0.5557360376499741
RMSE tumor = 0.41903220897375465
RMSE ALL = 0.36749654519186453
RMSE tumor = 0.2320332605267826
RMSE ALL = 0.5481501356625402
RMSE tumor = 0.41361778305673313
RMSE ALL = 0.49754833458914544
RMSE tumor = 0.3693303983913932
RMSE ALL = 0.6714883922855143
RMSE tumor = 0.517114138374837
RMSE ALL = 0.8058133872899367
RMSE tumor = 0.6499685276029222
RMSE ALL = 0.6632885187065464
RMSE tumor = 0.47885074309271825
RMSE ALL = 0.6830389416068605
RMSE tumor = 0.4983990919394849
RMSE ALL = 0.465102489857106
RMSE tumor = 0.3336717478464361
RMSE ALL = 0.4610026355400193
RMSE tumor = 0.3229913547081484
RMSE ALL = 0.4206820496757586
RMSE tumor = 0.2853853845845256
RMSE ALL = 0.4489184603241152
RMSE tumor = 0.309156780478398
RMSE ALL = 0.7774440537109841
RMSE tumor = 0.5774456391096657
RMSE ALL = 0.6912509494949219
RMSE tumor = 0.48754952627943626
RMSE ALL = 1.0352397896772627
RMSE tumor = 0.8525298662737529
RMSE ALL = 0.6238151853935913
RMSE tumor = 0.441627950767616
RMSE ALL = 0.634165703829721
RMSE tumor = 0.47111421288543925
RMSE ALL = 0.5422309335994706
RMSE tumor = 0.37730591519971135
RMSE ALL = 0.6913594997766714
RMSE tumor = 0.5255264929824546
RMSE ALL = 0.5708088269387281
RMSE tumor = 0.41645208744951073
RMSE ALL = 0.5130594039850221
RMSE tumor = 0.373286340976324
RMSE ALL = 0.5623890834549903
RMSE tumor = 0.42029000821238266
RMSE ALL = 0.6280455397100937
RMSE tumor = 0.47629538187996273
RMSE ALL = 0.5005436596246854
RMSE tumor = 0.3422926673503042
RMSE ALL = 1.043534676457815
RMSE tumor = 0.8547076334646362
RMSE ALL = 0.8290049019737729
RMSE tumor = 0.6340960914455389
RMSE ALL = 0.8310191464813856
RMSE tumor = 0.6349726495906514
RMSE ALL = 0.7961591812408082
RMSE tumor = 0.5928973353411798
RMSE ALL = 0.5314097654423033
RMSE tumor = 0.39240311867443284
RMSE ALL = 0.5382200500200806
RMSE tumor = 0.3936571622198595
RMSE ALL = 0.3703035884843269
RMSE tumor = 0.247272360085685
RMSE ALL = 0.39928366127555803
RMSE tumor = 0.2778798908747623
RMSE ALL = 0.45498438724809187
RMSE tumor = 0.3346750827037503
RMSE ALL = 0.6746361219112078
RMSE tumor = 0.5190138133885402
RMSE ALL = 0.6401933948267541
RMSE tumor = 0.49264048723859294
RMSE ALL = 0.6811406134515168
RMSE tumor = 0.49803782900263593
RMSE ALL = 0.9353933524650987
RMSE tumor = 0.7572114405081313
RMSE ALL = 1.0860197318485447
RMSE tumor = 0.8740534218006054
RMSE ALL = 0.9047874050904787
RMSE tumor = 0.6943076078821057
RMSE ALL = 1.4813724721798576
RMSE tumor = 1.262306243447911
RMSE ALL = 0.8703937174491739
RMSE tumor = 0.6667875180145121
RMSE ALL = 0.48954797013392504
RMSE tumor = 0.3348343709777839
RMSE ALL = 0.5390319133474784
RMSE tumor = 0.3931071937085442
RMSE ALL = 0.38236006392928445
RMSE tumor = 0.2364845332300296
RMSE ALL = 0.5590594006137194
RMSE tumor = 0.41962378714791465
RMSE ALL = 0.3002701774966366
RMSE tumor = 0.16763598133651456
RMSE ALL = 0.4144320550076056
RMSE tumor = 0.28834437537746327
RMSE ALL = 1.2587006686756022
RMSE tumor = 1.0777796399817932
RMSE ALL = 0.6878041662994272
RMSE tumor = 0.5088936737042801
RMSE ALL = 0.5710078814884694
RMSE tumor = 0.3908719125834315
RMSE ALL = 0.586799422306765
RMSE tumor = 0.4065410831858638
RMSE ALL = 0.3667654281084216
RMSE tumor = 0.20142053915446387
RMSE ALL = 0.7324199194951888
RMSE tumor = 0.5684783658619291
RMSE ALL = 0.8692629065601198
RMSE tumor = 0.6787732259728285
RMSE ALL = 0.6503747470006875
RMSE tumor = 0.47763415067490184
RMSE ALL = 0.6401985189179504
RMSE tumor = 0.4311553799106727
RMSE ALL = 0.6984019989696414
RMSE tumor = 0.5079453641606956
RMSE ALL = 1.5658452087292898
RMSE tumor = 1.3498470669023408
RMSE ALL = 1.1604183323504502
RMSE tumor = 0.9372833037974188
RMSE ALL = 0.4969322100224749
RMSE tumor = 0.35265182220745633
RMSE ALL = 0.6403546701214259
RMSE tumor = 0.48718623762019014
RMSE ALL = 1.0035472020673297
RMSE tumor = 0.8647082537524798
RMSE ALL = 0.33362091066601374
RMSE tumor = 0.18842098174328234
RMSE ALL = 0.5263582285630741
RMSE tumor = 0.4026771807609632
RMSE ALL = 0.4264465366018928
RMSE tumor = 0.29504888006022173
RMSE ALL = 0.5077711608594976
RMSE tumor = 0.3825126335076033
RMSE ALL = 0.6575599799758174
RMSE tumor = 0.4791093820095018
RMSE ALL = 0.6452529647643287
RMSE tumor = 0.48798481265237365
RMSE ALL = 0.5375166762449511
RMSE tumor = 0.3761422779429527
RMSE ALL = 0.6177338252037121
RMSE tumor = 0.4955964847179131
RMSE ALL = 0.6635214424266326
RMSE tumor = 0.5305783896231346
RMSE ALL = 0.48253390028975296
RMSE tumor = 0.32724249137562106
RMSE ALL = 0.536711831373795
RMSE tumor = 0.39592393043946456
RMSE ALL = 0.5333828935924335
RMSE tumor = 0.3509587490222584
RMSE ALL = 0.836048659297538
RMSE tumor = 0.6541149477739524
RMSE ALL = 1.1428520045624473
RMSE tumor = 0.9550856085177784
RMSE ALL = 0.7138552974798189
RMSE tumor = 0.5176322274983804
RMSE ALL = 0.6502095422189225
RMSE tumor = 0.4758901295796248
RMSE ALL = 0.949210060831868
RMSE tumor = 0.7776801754705002
RMSE ALL = 0.6743111665110494
RMSE tumor = 0.48831006600239985
RMSE ALL = 0.9927955901349944
RMSE tumor = 0.8173763483087061
RMSE ALL = 0.33617504518133456
RMSE tumor = 0.21102916648451484
RMSE ALL = 0.3102918604967886
RMSE tumor = 0.18598359648749238
RMSE ALL = 0.8590098491461523
RMSE tumor = 0.6670193916996773
RMSE ALL = 0.5639651454295592
RMSE tumor = 0.39301567709690727
RMSE ALL = 0.8102282552327293
RMSE tumor = 0.6049773573631099
RMSE ALL = 0.9028397525404798
RMSE tumor = 0.6987996255138521
RMSE ALL = 0.678660903646656
RMSE tumor = 0.4807680893105201
RMSE ALL = 0.9582644844000319
RMSE tumor = 0.758353805721477
RMSE ALL = 0.7155742055678042
RMSE tumor = 0.5172508057542257
RMSE ALL = 1.0171279791153758
RMSE tumor = 0.8254684874005519
RMSE ALL = 0.8862941315914732
RMSE tumor = 0.7013889647633165
RMSE ALL = 0.9826253532586273
RMSE tumor = 0.7868518608814988
RMSE ALL = 0.7648903977138968
RMSE tumor = 0.5762935087525168
RMSE ALL = 0.4946623087859037
RMSE tumor = 0.3083410155996293
RMSE ALL = 0.4832633075930191
RMSE tumor = 0.35693034980563976
RMSE ALL = 0.2938441859571642
RMSE tumor = 0.1692170483772264
RMSE ALL = 0.3853242274761425
RMSE tumor = 0.2477342258603221
RMSE ALL = 0.4416343616425084
RMSE tumor = 0.32013770851466167
RMSE ALL = 0.7143926884489289
RMSE tumor = 0.5673385383981043
RMSE ALL = 0.5675171600480144
RMSE tumor = 0.4314709256891436
RMSE ALL = 0.4520619122816068
RMSE tumor = 0.31427559595658133
RMSE ALL = 0.544059190279631
RMSE tumor = 0.42228989816395757
RMSE ALL = 0.5859981694794292
RMSE tumor = 0.41054369728708284
RMSE ALL = 0.8583511729859136
RMSE tumor = 0.690613061045357
RMSE ALL = 0.8210125125434882
RMSE tumor = 0.6504815065476627
RMSE ALL = 0.8548198634914685
RMSE tumor = 0.6733985210331458
RMSE ALL = 0.3939943226818719
RMSE tumor = 0.22622295600459497
RMSE ALL = 0.47366852601649706
RMSE tumor = 0.3088623070571593
RMSE ALL = 0.4584139277453793
RMSE tumor = 0.27365796131909303
RMSE ALL = 0.9105422412328383
RMSE tumor = 0.724578350552355
RMSE ALL = 1.1379259134267454
RMSE tumor = 0.9391253917667058
RMSE ALL = 0.8855318943624686
RMSE tumor = 0.7026372673631501
RMSE ALL = 0.7023977768283509
RMSE tumor = 0.5338821822924561
RMSE ALL = 0.7879953271695862
RMSE tumor = 0.6146331666297183
RMSE ALL = 0.7571379849487972
RMSE tumor = 0.5854187390327968
RMSE ALL = 0.542549102993664
RMSE tumor = 0.3732429311724239
RMSE ALL = 0.7953554720180223
RMSE tumor = 0.5941482118966804
RMSE ALL = 0.906357844865632
RMSE tumor = 0.712802108227102
RMSE ALL = 0.5353167116670225
RMSE tumor = 0.35387678839749953
RMSE ALL = 1.012464149982775
RMSE tumor = 0.8153949918752766
RMSE ALL = 0.37265846370501965
RMSE tumor = 0.24924282515300333
RMSE ALL = 0.2785752819648989
RMSE tumor = 0.15886402752966455
RMSE ALL = 0.535410931548898
RMSE tumor = 0.41097249478580267
RMSE ALL = 0.2653814081461968
RMSE tumor = 0.13855135564425378
RMSE ALL = 0.7577404462505809
RMSE tumor = 0.5784820732622598
RMSE ALL = 0.8103779384269867
RMSE tumor = 0.6282942296883075
RMSE ALL = 0.7534266164225277
RMSE tumor = 0.5782157391251289
RMSE ALL = 0.5174898181846018
RMSE tumor = 0.35771603628471826
RMSE ALL = 0.5420747438450823
RMSE tumor = 0.39224707777481843
RMSE ALL = 0.6355080357209144
RMSE tumor = 0.49861791504357217
RMSE ALL = 0.4618321169634054
RMSE tumor = 0.3006841764535548
RMSE ALL = 0.4886898444600261
RMSE tumor = 0.32964829031712306
RMSE ALL = 1.1336817058525586
RMSE tumor = 0.9453313796562637
RMSE ALL = 0.6450925968774872
RMSE tumor = 0.46911504214108257
RMSE ALL = 0.7005979721501225
RMSE tumor = 0.5011586244002141
RMSE ALL = 0.7987178652585882
RMSE tumor = 0.6105930425269622
RMSE ALL = 0.7021648752476811
RMSE tumor = 0.5297820724975489
RMSE ALL = 0.987020253514286
RMSE tumor = 0.8264437630099888
RMSE ALL = 0.5539947434134729
RMSE tumor = 0.3933954058237958
RMSE ALL = 0.9769940820046192
RMSE tumor = 0.8152708187634327
RMSE ALL = 0.6882550721742462
RMSE tumor = 0.5160375101792958
RMSE ALL = 0.28995927087610757
RMSE tumor = 0.136836362250972
RMSE ALL = 0.5820654303212549
RMSE tumor = 0.444899015741566
RMSE ALL = 0.628936426422394
RMSE tumor = 0.48789661751338365
RMSE ALL = 0.5882207709289056
RMSE tumor = 0.41938790497106543
RMSE ALL = 0.5111434108170743
RMSE tumor = 0.3337545434720835
RMSE ALL = 1.029161260884265
RMSE tumor = 0.8415068502403699
RMSE ALL = 0.5805066521826786
RMSE tumor = 0.41818106669479
RMSE ALL = 0.4170930960559306
RMSE tumor = 0.27576512452806456
RMSE ALL = 0.6340186498678763
RMSE tumor = 0.5013436527085695
RMSE ALL = 0.4491254132584935
RMSE tumor = 0.32349206563014377
RMSE ALL = 0.4722838051056889
RMSE tumor = 0.3455064434614508
RMSE ALL = 0.5892721597222058
RMSE tumor = 0.44819929141988296
RMSE ALL = 0.46331563501196465
RMSE tumor = 0.3205921124096334
RMSE ALL = 0.5202705649343722
RMSE tumor = 0.3926132313802837
RMSE ALL = 0.3243713071180485
RMSE tumor = 0.19580854159124525
RMSE ALL = 0.5019904231010427
RMSE tumor = 0.3767123173331331
RMSE ALL = 0.532339712059527
RMSE tumor = 0.40120855407190437
RMSE ALL = 0.8508665431198843
RMSE tumor = 0.663159756250936
RMSE ALL = 0.7171311617427074
RMSE tumor = 0.518463924063522
RMSE ALL = 0.9427428024388809
RMSE tumor = 0.7490986863418702
RMSE ALL = 1.0075297450886274
RMSE tumor = 0.8169972576814758
RMSE ALL = 0.5861213745111371
RMSE tumor = 0.43420350447299927
RMSE ALL = 0.6807216868812553
RMSE tumor = 0.5204346700494994
RMSE ALL = 1.1593215801356003
RMSE tumor = 0.9666522149133648
RMSE ALL = 0.9331534094121261
RMSE tumor = 0.7449577489141727
RMSE ALL = 0.3354485586054039
RMSE tumor = 0.18691476422814043
RMSE ALL = 0.42763351584396087
RMSE tumor = 0.2830924445519493
RMSE ALL = 0.2678556624980133
RMSE tumor = 0.11755047862827987
RMSE ALL = 0.31747925065321625
RMSE tumor = 0.15812445231925742
RMSE ALL = 0.7332165803969499
RMSE tumor = 0.575239153972371
RMSE ALL = 0.5932749841106656
RMSE tumor = 0.4142551734240451
RMSE ALL = 0.7384213850489498
RMSE tumor = 0.5681338382693525
RMSE ALL = 1.3324136976937182
RMSE tumor = 1.1207158368726706
RMSE ALL = 1.264148333605665
RMSE tumor = 1.04975750202854
RMSE ALL = 0.5853054668434665
RMSE tumor = 0.38784709476926577
RMSE ALL = 0.6815399932857171
RMSE tumor = 0.47575776038854994
RMSE ALL = 0.8591714073729245
RMSE tumor = 0.686686664552171
RMSE ALL = 0.962135849560829
RMSE tumor = 0.7795133792507049
RMSE ALL = 0.9554382433062958
RMSE tumor = 0.728654412509491
RMSE ALL = 0.4290087781657069
RMSE tumor = 0.2014286962153535
RMSE ALL = 0.3611245081242045
RMSE tumor = 0.2271304877305039
RMSE ALL = 0.5339641809764669
RMSE tumor = 0.40214088223730043
RMSE ALL = 0.43285215446706626
RMSE tumor = 0.29342050447574425
RMSE ALL = 0.6003696862032631
RMSE tumor = 0.45669711569465066
RMSE ALL = 0.843607752939673
RMSE tumor = 0.6768518596310608
RMSE ALL = 0.692123345505768
RMSE tumor = 0.5191706009414823
RMSE ALL = 0.3224774290365127
RMSE tumor = 0.18016831081207485
RMSE ALL = 0.5115166159133474
RMSE tumor = 0.35304433590350875
RMSE ALL = 0.5489125371592365
RMSE tumor = 0.39655610670129837
RMSE ALL = 0.32148382130211217
RMSE tumor = 0.17109930604328039
RMSE ALL = 0.5343983416797387
RMSE tumor = 0.3849575933126012
RMSE ALL = 0.4699347102517769
RMSE tumor = 0.3150361566331619
RMSE ALL = 0.3507982890542832
RMSE tumor = 0.2198452649166507
RMSE ALL = 0.4467266206990157
RMSE tumor = 0.3191795723949165
RMSE ALL = 0.45420844690398077
RMSE tumor = 0.3194476453179808
RMSE ALL = 0.9445400425430235
RMSE tumor = 0.7577806991523907
RMSE ALL = 0.9751213356503416
RMSE tumor = 0.7986574169364001
RMSE ALL = 0.6823360787443654
RMSE tumor = 0.4748933858258349
RMSE ALL = 0.651886329903686
RMSE tumor = 0.447272548631701
RMSE ALL = 0.7880477776666034
RMSE tumor = 0.6165509862976959
RMSE ALL = 0.4561191189153795
RMSE tumor = 0.28145811893946465
RMSE ALL = 0.519568974911412
RMSE tumor = 0.37115241335460053
RMSE ALL = 0.5215974444761315
RMSE tumor = 0.36925974134069145
RMSE ALL = 1.0600369797225322
RMSE tumor = 0.8617563743766833
RMSE ALL = 0.7523954416133503
RMSE tumor = 0.5807528699343935
RMSE ALL = 0.5145981807449828
RMSE tumor = 0.31581052271456106
RMSE ALL = 0.7724211975831935
RMSE tumor = 0.5746846681905676
RMSE ALL = 0.5751187519586093
RMSE tumor = 0.4141324663127616
RMSE ALL = 0.7726339212031355
RMSE tumor = 0.6062787997042299
RMSE ALL = 0.7487731792385127
RMSE tumor = 0.5877133951599692
RMSE ALL = 0.7003652560037872
RMSE tumor = 0.5227964434707087
RMSE ALL = 0.371012213074908
RMSE tumor = 0.2450783480699369
RMSE ALL = 0.41402176249825257
RMSE tumor = 0.2910363146779658
RMSE ALL = 0.37176179495358364
RMSE tumor = 0.24106017177156377
RMSE ALL = 0.42241451457831647
RMSE tumor = 0.29459345346605453
RMSE ALL = 0.6755868885906767
RMSE tumor = 0.5035743721813166
RMSE ALL = 0.6679656015914309
RMSE tumor = 0.4933480181973595
RMSE ALL = 0.7305065514571489
RMSE tumor = 0.5238543370541485
RMSE ALL = 1.2489017317972264
RMSE tumor = 1.0437093072584103
RMSE ALL = 1.0699739962649921
RMSE tumor = 0.9068092471056995
RMSE ALL = 0.7081450968685914
RMSE tumor = 0.5431792484254778
RMSE ALL = 0.8059561235619273
RMSE tumor = 0.6490655166306124
RMSE ALL = 0.5750550386658235
RMSE tumor = 0.40684531564666643
RMSE ALL = 0.7056452731963649
RMSE tumor = 0.551881457432331
RMSE ALL = 0.4716338008064325
RMSE tumor = 0.31618669485582157
RMSE ALL = 1.0146245789095276
RMSE tumor = 0.8306133442794864
RMSE ALL = 0.7917416184232717
RMSE tumor = 0.6170130424369878
RMSE ALL = 0.3853113866883983
RMSE tumor = 0.25543577585257043
RMSE ALL = 0.6985149579546388
RMSE tumor = 0.5774662107893621
RMSE ALL = 1.039042827252854
RMSE tumor = 0.8495725510605672
RMSE ALL = 1.2702626833419972
RMSE tumor = 1.0927319062861323
RMSE ALL = 0.745177079689859
RMSE tumor = 0.528998053586945
RMSE ALL = 0.7119799855926852
RMSE tumor = 0.5021020903127486
RMSE ALL = 0.7439503433554542
RMSE tumor = 0.5623164075528163
RMSE ALL = 0.6275544923768412
RMSE tumor = 0.4555878936042272
RMSE ALL = 0.3458852485588212
RMSE tumor = 0.22464463309635285
RMSE ALL = 0.4168508278530873
RMSE tumor = 0.2919996400927814
RMSE ALL = 0.37924154609305394
RMSE tumor = 0.25824350649542005
RMSE ALL = 0.3543103028097057
RMSE tumor = 0.2336693362578777
RMSE ALL = 0.3581420651162445
RMSE tumor = 0.1602728475297924
RMSE ALL = 0.370527660477307
RMSE tumor = 0.2210170867772467
RMSE ALL = 0.5131621306471174
RMSE tumor = 0.35942952259301325
RMSE ALL = 0.4879917092404673
RMSE tumor = 0.35992405215855006
RMSE ALL = 0.41807104441245774
RMSE tumor = 0.2814701410750345
RMSE ALL = 0.7951641167377763
RMSE tumor = 0.5992569992699779
RMSE ALL = 1.8703276432871203
RMSE tumor = 1.675334097938337
RMSE ALL = 0.9694678826763599
RMSE tumor = 0.7589523122903995
RMSE ALL = 0.9884761483201748
RMSE tumor = 0.7720814369601979
RMSE ALL = 0.6207661295398043
RMSE tumor = 0.4531085596809194
RMSE ALL = 1.0588326432198205
RMSE tumor = 0.8728869441067708
RMSE ALL = 0.9204805125763416
RMSE tumor = 0.7469295610459915
RMSE ALL = 0.7027190068182059
RMSE tumor = 0.5447258754247705
RMSE ALL = 0.8240925162774488
RMSE tumor = 0.6284584953146733
RMSE ALL = 0.8470431089420913
RMSE tumor = 0.661756487552334
RMSE ALL = 0.8410325057705654
RMSE tumor = 0.6588867352047169
RMSE ALL = 0.8726426421251632
RMSE tumor = 0.6516413087859022
RMSE ALL = 0.8423603607113501
RMSE tumor = 0.6322809192047188
RMSE ALL = 0.7769589077814468
RMSE tumor = 0.5694907233762313
RMSE ALL = 1.3783563553635074
RMSE tumor = 1.1838200268523582
RMSE ALL = 0.4396851859550942
RMSE tumor = 0.30915397136678896
RMSE ALL = 0.47753275550576646
RMSE tumor = 0.3472861723919735
RMSE ALL = 0.35237727108756545
RMSE tumor = 0.20688419363609437
RMSE ALL = 0.5838549350645791
RMSE tumor = 0.43888845370724194
RMSE ALL = 0.3490231362314255
RMSE tumor = 0.22513245106277716
RMSE ALL = 0.3268421636902105
RMSE tumor = 0.20151210610762257
RMSE ALL = 0.48288625504294697
RMSE tumor = 0.3519304630882895
RMSE ALL = 0.41553758670640745
RMSE tumor = 0.29570457406571593
RMSE ALL = 1.0435790989667306
RMSE tumor = 0.8347328119370517
RMSE ALL = 0.8380193098137255
RMSE tumor = 0.6330453553847789
RMSE ALL = 1.0058930652377538
RMSE tumor = 0.7935080009643473
RMSE ALL = 0.7437220310514424
RMSE tumor = 0.5443638724222108
RMSE ALL = 0.8490551998702441
RMSE tumor = 0.6491130093063198
RMSE ALL = 0.7856348549415703
RMSE tumor = 0.5920171015891709
RMSE ALL = 1.0607458825068083
RMSE tumor = 0.8553925976362052
RMSE ALL = 0.912143465628441
RMSE tumor = 0.7106882325448417
RMSE ALL = 1.3886079187129707
RMSE tumor = 1.173139135122135
RMSE ALL = 0.9548908216666724
RMSE tumor = 0.7414159580168986
RMSE ALL = 0.601419844235894
RMSE tumor = 0.42166307473656
RMSE ALL = 0.7199521357338928
RMSE tumor = 0.5436464652269586
RMSE ALL = 0.6928804628991967
RMSE tumor = 0.5290825291862936
RMSE ALL = 0.4830036922801605
RMSE tumor = 0.3219716325428744
RMSE ALL = 0.6319386003779408
RMSE tumor = 0.4588905870683024
RMSE ALL = 0.6104665040051303
RMSE tumor = 0.43319720766715575
RMSE ALL = 0.6471154692426672
RMSE tumor = 0.5109627616788004
RMSE ALL = 0.2585445212783754
RMSE tumor = 0.1263894226774942
RMSE ALL = 0.36780902752068123
RMSE tumor = 0.2127636513535509
RMSE ALL = 0.3588314953637408
RMSE tumor = 0.21512883900353832
RMSE ALL = 0.6615663620026255
RMSE tumor = 0.5358543197245388
RMSE ALL = 0.3606447995471185
RMSE tumor = 0.2376406841618964
RMSE ALL = 0.3564935306287682
RMSE tumor = 0.20594680120623376
RMSE ALL = 0.45614087339933485
RMSE tumor = 0.31401493030147404
RMSE ALL = 0.5843053024215676
RMSE tumor = 0.4247689073447363
RMSE ALL = 0.461541610949923
RMSE tumor = 0.30844596308593714
RMSE ALL = 0.6929573111942301
RMSE tumor = 0.5002535405370357
RMSE ALL = 0.752667916240378
RMSE tumor = 0.5784366172462728
RMSE ALL = 0.520838561202482
RMSE tumor = 0.39054500713689494
RMSE ALL = 0.4400252667587281
RMSE tumor = 0.3130524407398559
RMSE ALL = 0.5015724935024913
RMSE tumor = 0.3737702813426176
RMSE ALL = 0.313584224076207
RMSE tumor = 0.18900990011191762
RMSE ALL = 1.011375225305062
RMSE tumor = 0.8427239774107506
RMSE ALL = 0.5109489000261878
RMSE tumor = 0.3335064045190201
RMSE ALL = 1.2279054241409493
RMSE tumor = 1.0412513620944455
RMSE ALL = 0.6031517326579818
RMSE tumor = 0.4685219803308371
RMSE ALL = 0.44727615748471217
RMSE tumor = 0.320895690642096
RMSE ALL = 0.44852868638234256
RMSE tumor = 0.3227669183456202
RMSE ALL = 0.5100350198391047
RMSE tumor = 0.38355183364667034
RMSE ALL = 0.6565732734924277
RMSE tumor = 0.4652907878735138
RMSE ALL = 0.9767303960388088
RMSE tumor = 0.7898886228664831
RMSE ALL = 1.0277326433788985
RMSE tumor = 0.8375745535342941
RMSE ALL = 0.9435111499315239
RMSE tumor = 0.7293661713605321
RMSE ALL = 0.7437583316515097
RMSE tumor = 0.5462864784049724
RMSE ALL = 0.912622190471534
RMSE tumor = 0.6975221057672881
RMSE ALL = 0.7148880893047893
RMSE tumor = 0.5096724246380425
RMSE ALL = 0.4110950331905884
RMSE tumor = 0.2578993205039713
RMSE ALL = 0.7906463313380729
RMSE tumor = 0.6346281356620694
RMSE ALL = 0.6817658803929967
RMSE tumor = 0.5185204315343074
RMSE ALL = 0.7240332408255701
RMSE tumor = 0.5543399276516622
RMSE ALL = 0.39924300751988373
RMSE tumor = 0.27074134785065146
RMSE ALL = 0.5926249554968512
RMSE tumor = 0.46630158920187004
RMSE ALL = 0.673972584518638
RMSE tumor = 0.5291059906760086
RMSE ALL = 0.3921223049549255
RMSE tumor = 0.2660728894996434
RMSE ALL = 0.32947223011460974
RMSE tumor = 0.20760867085109916
RMSE ALL = 0.5457940002497818
RMSE tumor = 0.41140685588254206
RMSE ALL = 0.8776061117006442
RMSE tumor = 0.7008145298266154
RMSE ALL = 0.5255271620500508
RMSE tumor = 0.4052627562380841
RMSE ALL = 0.504437940523845
RMSE tumor = 0.368888646306285
RMSE ALL = 0.397941445950921
RMSE tumor = 0.2687563688548204
RMSE ALL = 0.42499282002943967
RMSE tumor = 0.29704677440759425
RMSE ALL = 1.2774338410415909
RMSE tumor = 1.0899779160837304
RMSE ALL = 0.48367180224792566
RMSE tumor = 0.2855825908520671
RMSE ALL = 0.636713277363244
RMSE tumor = 0.46587771050608523
RMSE ALL = 1.0287846437008497
RMSE tumor = 0.8598499066180042
RMSE ALL = 0.6737005815269239
RMSE tumor = 0.4631271861384818
RMSE ALL = 0.4624036909896318
RMSE tumor = 0.3390059095462336
RMSE ALL = 0.70557553652574
RMSE tumor = 0.5405218054440489
RMSE ALL = 0.37863871547817834
RMSE tumor = 0.22477001634047933
RMSE ALL = 0.5999591005206477
RMSE tumor = 0.44226921848408146
RMSE ALL = 0.6564885878053206
RMSE tumor = 0.4914188694917685
RMSE ALL = 0.5198115209520463
RMSE tumor = 0.3788931606452705
RMSE ALL = 0.5899998812485077
RMSE tumor = 0.4479802597902711
RMSE ALL = 0.7661326731203328
RMSE tumor = 0.6183395612841837
RMSE ALL = 0.65296025655574
RMSE tumor = 0.5095459959809401
RMSE ALL = 0.7145288769803468
RMSE tumor = 0.5431176266549348
RMSE ALL = 0.4994262191480704
RMSE tumor = 0.3296730635081028
RMSE ALL = 0.49499284138187427
RMSE tumor = 0.32214417492084085
RMSE ALL = 0.937559177616776
RMSE tumor = 0.7666901787554763
RMSE ALL = 0.3370544526316333
RMSE tumor = 0.21040143222596105
RMSE ALL = 0.41750659133726215
RMSE tumor = 0.29250362708904537
RMSE ALL = 0.287975908719602
RMSE tumor = 0.16243594954375584
RMSE ALL = 0.830244771219512
RMSE tumor = 0.7042685503305798
RMSE ALL = 0.7653951522924526
RMSE tumor = 0.5719884354802494
RMSE ALL = 0.7041904746891676
RMSE tumor = 0.516814868566419
RMSE ALL = 0.7279019192942866
RMSE tumor = 0.5277498895901666
RMSE ALL = 1.0533871884104966
RMSE tumor = 0.8426225826843617
RMSE ALL = 0.9890832832406373
RMSE tumor = 0.7945171257590071
RMSE ALL = 0.8244961186116173
RMSE tumor = 0.6308132296219288
RMSE ALL = 0.6937635782587466
RMSE tumor = 0.4995760111900249
RMSE ALL = 0.6357799210821079
RMSE tumor = 0.4411309675490211
RMSE ALL = 0.4531706450908737
RMSE tumor = 0.31039516422988966
RMSE ALL = 0.5776201756885965
RMSE tumor = 0.4325246298350444
RMSE ALL = 0.49141281437202033
RMSE tumor = 0.36083069008914465
RMSE ALL = 0.39551891223531044
RMSE tumor = 0.2516462857763723
RMSE ALL = 0.6863771947332735
RMSE tumor = 0.5235280580440153
RMSE ALL = 0.4211099321386424
RMSE tumor = 0.2818387473807454
RMSE ALL = 0.7216973782472067
RMSE tumor = 0.5382178876081892
RMSE ALL = 0.9452066867002812
RMSE tumor = 0.7624052174464442
RMSE ALL = 0.5633527658144426
RMSE tumor = 0.3970476907538922
RMSE ALL = 0.6185416253909728
RMSE tumor = 0.4563757642968458
RMSE ALL = 0.8325142851208651
RMSE tumor = 0.6402205876756695
RMSE ALL = 0.7946497935144459
RMSE tumor = 0.6018408484795964
RMSE ALL = 0.7216781265033071
RMSE tumor = 0.5401502260274932
RMSE ALL = 0.44256506517260713
RMSE tumor = 0.26302410574851404
RMSE ALL = 1.1806260579383054
RMSE tumor = 0.9542619076298356
RMSE ALL = 1.2178154525723015
RMSE tumor = 0.987961527658601
RMSE ALL = 1.2292012881643024
RMSE tumor = 1.0165756175671652
RMSE ALL = 1.0444617478163414
RMSE tumor = 0.8339557661133261
RMSE ALL = 0.6104619658267928
RMSE tumor = 0.44715645884979044
RMSE ALL = 0.6759414774238572
RMSE tumor = 0.5073377873155448
RMSE ALL = 0.6378187077392713
RMSE tumor = 0.4839848313531876
RMSE ALL = 0.6251346736836644
RMSE tumor = 0.46445779476481874
RMSE ALL = 0.7236946163804912
RMSE tumor = 0.5738142882043901
RMSE ALL = 0.46382167820803855
RMSE tumor = 0.33535228902448816
RMSE ALL = 0.4132466669148338
RMSE tumor = 0.2845222601723852
RMSE ALL = 0.8452579235217128
RMSE tumor = 0.7113587250657024
RMSE ALL = 0.5714806486104258
RMSE tumor = 0.4323120484367757
RMSE ALL = 0.39656477903234244
RMSE tumor = 0.2504735584923046
RMSE ALL = 0.5280590149448988
RMSE tumor = 0.390989363798765
RMSE ALL = 1.2226811690726012
RMSE tumor = 1.031031032523584
RMSE ALL = 1.0628901601866743
RMSE tumor = 0.8801505773125138
RMSE ALL = 0.9470674925347524
RMSE tumor = 0.7447018729930325
RMSE ALL = 0.6053242124222583
RMSE tumor = 0.4108437166606607
RMSE ALL = 0.6201303015929729
RMSE tumor = 0.3968745791913468
RMSE ALL = 0.9293751814185838
RMSE tumor = 0.7164439962155417
RMSE ALL = 0.5338368667301776
RMSE tumor = 0.3254496364237034
RMSE ALL = 0.7711577428034586
RMSE tumor = 0.5552132433675128
RMSE ALL = 0.909053925873755
RMSE tumor = 0.7202932015879474
RMSE ALL = 0.6217368736111417
RMSE tumor = 0.47917489571581534
RMSE ALL = 0.8171592086682131
RMSE tumor = 0.6736006340751682
RMSE ALL = 0.5114605949500881
RMSE tumor = 0.3606414125765263
RMSE ALL = 0.9459263792547217
RMSE tumor = 0.7565916823471387
RMSE ALL = 0.7468131285302485
RMSE tumor = 0.5659381364063174
RMSE ALL = 0.734319267606205
RMSE tumor = 0.5166044541754345
RMSE ALL = 0.7456612802489315
RMSE tumor = 0.5343092629849963
RMSE ALL = 1.0364054449118054
RMSE tumor = 0.8279096482693188
RMSE ALL = 0.6395604529151756
RMSE tumor = 0.4290107130457938
RMSE ALL = 1.1596354781835259
RMSE tumor = 0.9622878717218691
RMSE ALL = 0.806080510315484
RMSE tumor = 0.5916508178629627
RMSE ALL = 1.073162826850095
RMSE tumor = 0.8651223078449867
RMSE ALL = 0.5387650084817299
RMSE tumor = 0.40118603490478816
RMSE ALL = 0.521321056692513
RMSE tumor = 0.3866473900518934
RMSE ALL = 0.4945094779020644
RMSE tumor = 0.3753517605852417
RMSE ALL = 0.3034195567960162
RMSE tumor = 0.17849895198921661
RMSE ALL = 0.2732625551924234
RMSE tumor = 0.15158067463524652
RMSE ALL = 0.4325247689732081
RMSE tumor = 0.3105487615078559
RMSE ALL = 0.8067842178277072
RMSE tumor = 0.6407818047278606
RMSE ALL = 0.5927653834003015
RMSE tumor = 0.403920381047262
RMSE ALL = 0.8158797193955492
RMSE tumor = 0.6134920450930764
RMSE ALL = 0.7413290140775464
RMSE tumor = 0.5432982059246027
RMSE ALL = 0.569053253963459
RMSE tumor = 0.39806100480359513
RMSE ALL = 0.7455857498778645
RMSE tumor = 0.579807594598754
RMSE ALL = 1.241452144303684
RMSE tumor = 1.0567599229784106
RMSE ALL = 0.9036662625395244
RMSE tumor = 0.7165988595945474
RMSE ALL = 0.7883761273133243
RMSE tumor = 0.5910240288958476
RMSE ALL = 0.7538612903361299
RMSE tumor = 0.5773475213557792
RMSE ALL = 0.45699822600718304
RMSE tumor = 0.26844410429941856
RMSE ALL = 0.328226896381854
RMSE tumor = 0.13823800209840084
RMSE ALL = 0.9613608204076114
RMSE tumor = 0.7736217233777167
RMSE ALL = 0.640434486627632
RMSE tumor = 0.47860588364134893
RMSE ALL = 0.7823790083959019
RMSE tumor = 0.6147776912524946
RMSE ALL = 0.7532689887491572
RMSE tumor = 0.5866513317990009
RMSE ALL = 0.739837536840777
RMSE tumor = 0.566227272159903
RMSE ALL = 1.0999171587018597
RMSE tumor = 0.9159614383306374
RMSE ALL = 0.7062317713236927
RMSE tumor = 0.5114678466981707
RMSE ALL = 0.8281018560186953
RMSE tumor = 0.6404139786608395
RMSE ALL = 1.2596169319899668
RMSE tumor = 1.0653528893055222
RMSE ALL = 0.8053492264138078
RMSE tumor = 0.6150690876091652
RMSE ALL = 2.8389520419894936
RMSE tumor = 2.647909144384688
RMSE ALL = 1.3193691249529425
RMSE tumor = 1.1081070675755094
RMSE ALL = 0.7645601510716444
RMSE tumor = 0.5892644044903377
RMSE ALL = 0.7687519372000327
RMSE tumor = 0.588357487025661
RMSE ALL = 0.8437278235688407
RMSE tumor = 0.6560169354472037
RMSE ALL = 0.8532746421212759
RMSE tumor = 0.6607464469789557
RMSE ALL = 0.7781832950949356
RMSE tumor = 0.5800157981991315
RMSE ALL = 0.5815726883178334
RMSE tumor = 0.3901947608635657
RMSE ALL = 0.511614173479033
RMSE tumor = 0.31685496036975364
RMSE ALL = 0.5699987957677326
RMSE tumor = 0.38539855595263
RMSE ALL = 1.214210080120013
RMSE tumor = 1.0245769949120695
RMSE ALL = 1.3209927748893882
RMSE tumor = 1.122045172231914
RMSE ALL = 0.5708606977460602
RMSE tumor = 0.387494169821538
RMSE ALL = 0.7323019502142782
RMSE tumor = 0.5347557589488764
RMSE ALL = 0.7741537665494429
RMSE tumor = 0.5745458009881327
RMSE ALL = 0.7089918439522946
RMSE tumor = 0.5140690900385612
RMSE ALL = 0.9248660199293617
RMSE tumor = 0.7208100023751918
RMSE ALL = 1.4347672797534763
RMSE tumor = 1.2306202045332844
RMSE ALL = 1.1101327329758424
RMSE tumor = 0.9059803526016946
RMSE ALL = 0.9521568509932381
RMSE tumor = 0.7444954163449347
RMSE ALL = 1.7234102669643132
RMSE tumor = 1.503590230291196
RMSE ALL = 0.744690062575412
RMSE tumor = 0.5871708587109408
RMSE ALL = 0.927633185469168
RMSE tumor = 0.7690006611788953
RMSE ALL = 0.4247398730672747
RMSE tumor = 0.2461391984104948
RMSE ALL = 0.899935727513266
RMSE tumor = 0.7167580052723154
RMSE ALL = 0.7771825364789885
RMSE tumor = 0.5782319265979247
RMSE ALL = 1.2898995336013364
RMSE tumor = 1.0755808386540229
RMSE ALL = 0.7689053965732094
RMSE tumor = 0.5704305870779408
RMSE ALL = 0.7736137054639685
RMSE tumor = 0.5744358311102769
RMSE ALL = 0.9741417532723168
RMSE tumor = 0.7706969381485864
RMSE ALL = 0.7221086540045757
RMSE tumor = 0.5248700784307571
RMSE ALL = 0.9876150599485402
RMSE tumor = 0.7924581147586628
RMSE ALL = 1.4783998638774543
RMSE tumor = 1.2651094103921279
RMSE ALL = 0.7781200813665698
RMSE tumor = 0.5670023719452776
RMSE ALL = 0.8633263884759892
RMSE tumor = 0.6467432304460218
RMSE ALL = 0.7647774781270339
RMSE tumor = 0.569393098770926
RMSE ALL = 1.03928473492082
RMSE tumor = 0.8604260084953154
RMSE ALL = 0.829453325064196
RMSE tumor = 0.6563900506842019
RMSE ALL = 0.9963518978045242
RMSE tumor = 0.787882715638573
RMSE ALL = 0.8199243886511951
RMSE tumor = 0.5985638372184852
RMSE ALL = 0.9705012192798308
RMSE tumor = 0.8052321407102091
RMSE ALL = 0.5931065481915412
RMSE tumor = 0.4396048787377574
RMSE ALL = 0.6734909499703479
RMSE tumor = 0.5014214480867033
RMSE ALL = 0.8836499387172325
RMSE tumor = 0.7328354069902302
RMSE ALL = 0.6456138782409823
RMSE tumor = 0.5134913997887064
RMSE ALL = 1.0795486307062705
RMSE tumor = 0.9362969047981086
RMSE ALL = 0.4947111625126581
RMSE tumor = 0.36452823668394324
RMSE ALL = 0.4148463503010844
RMSE tumor = 0.28984022838155526
RMSE ALL = 0.28823108023469635
RMSE tumor = 0.1660982548510684
RMSE ALL = 0.471703298340061
RMSE tumor = 0.34081265960611923
RMSE ALL = 0.2771362342703864
RMSE tumor = 0.14320689990829127
RMSE ALL = 1.157469545889263
RMSE tumor = 0.9491601753914433
RMSE ALL = 1.0422045103389919
RMSE tumor = 0.8359228829489127
RMSE ALL = 0.9717898484529894
RMSE tumor = 0.7785205187212897
RMSE ALL = 0.7860584628804557
RMSE tumor = 0.6078690008560478
RMSE ALL = 0.6176121230788216
RMSE tumor = 0.45833130283672235
RMSE ALL = 0.34802727147945756
RMSE tumor = 0.18639576198759158
RMSE ALL = 0.3432087394955201
RMSE tumor = 0.2203817007826712
RMSE ALL = 0.42459932732663275
RMSE tumor = 0.29935425695322276
RMSE ALL = 0.32722461911368056
RMSE tumor = 0.19993786952259826
RMSE ALL = 0.4051293626070014
RMSE tumor = 0.27259931671881105
RMSE ALL = 1.141942179510258
RMSE tumor = 0.9340714601523995
RMSE ALL = 0.7865776211621145
RMSE tumor = 0.5862483015043618
RMSE ALL = 0.7568952699737241
RMSE tumor = 0.5540058947749538
RMSE ALL = 0.7920595991998841
RMSE tumor = 0.5876526632651292
RMSE ALL = 1.1157168359999767
RMSE tumor = 0.8982095321965362
RMSE ALL = 0.7470638775145539
RMSE tumor = 0.5675657834576973
RMSE ALL = 0.7079290110075702
RMSE tumor = 0.5137354031598558
RMSE ALL = 0.4357373817944719
RMSE tumor = 0.29646636473931426
RMSE ALL = 0.5115298941868099
RMSE tumor = 0.38050738684830604
RMSE ALL = 0.36259761424181414
RMSE tumor = 0.23039337998966755
RMSE ALL = 0.47525840140251185
RMSE tumor = 0.34410115983955253
RMSE ALL = 0.3529325837950093
RMSE tumor = 0.2328390675022808
RMSE ALL = 0.36091346711830374
RMSE tumor = 0.23943628653801044
RMSE ALL = 0.5862193571879561
RMSE tumor = 0.41018442826562457
RMSE ALL = 0.7113442210748027
RMSE tumor = 0.5364138748037557
RMSE ALL = 0.9032115930886371
RMSE tumor = 0.7096927605023552
RMSE ALL = 0.954678895132227
RMSE tumor = 0.7574075833177646
RMSE ALL = 1.033736334113481
RMSE tumor = 0.8335226282017908
RMSE ALL = 0.9126141512077448
RMSE tumor = 0.7081044520551615
RMSE ALL = 0.6256267542876333
RMSE tumor = 0.4406912139188304
RMSE ALL = 0.639117171711449
RMSE tumor = 0.44927529453272763
RMSE ALL = 0.9073360318708878
RMSE tumor = 0.7355677729490502
RMSE ALL = 0.6738554660379591
RMSE tumor = 0.5030638833413325
RMSE ALL = 0.8868353873467554
RMSE tumor = 0.718057318488129
RMSE ALL = 0.9879524771063091
RMSE tumor = 0.8113461428519725
RMSE ALL = 0.7017099900417862
RMSE tumor = 0.5101384266060928
RMSE ALL = 0.6225748021337187
RMSE tumor = 0.43248067317682354
RMSE ALL = 1.0540723435572423
RMSE tumor = 0.859488478730788
RMSE ALL = 1.05196895105363
RMSE tumor = 0.8565546486804272
RMSE ALL = 0.8121722300126704
RMSE tumor = 0.6158822415543715
RMSE ALL = 0.9412538093868722
RMSE tumor = 0.7475779998222873
RMSE ALL = 0.6799315820942838
RMSE tumor = 0.4776778313778644
RMSE ALL = 0.8197623329632973
RMSE tumor = 0.6148956064946444
RMSE ALL = 0.9772364197101389
RMSE tumor = 0.7603074136476596
RMSE ALL = 0.40738314553775046
RMSE tumor = 0.19442198947140368
RMSE ALL = 0.45360649735914504
RMSE tumor = 0.3061939835446548
RMSE ALL = 0.6002569765799948
RMSE tumor = 0.4705497971697678
RMSE ALL = 0.7999560813870159
RMSE tumor = 0.625548351323796
RMSE ALL = 0.5765738088703284
RMSE tumor = 0.3727380240481346
RMSE ALL = 1.100047281856
RMSE tumor = 0.9116741572616073
RMSE ALL = 0.5058457722828407
RMSE tumor = 0.3728506661827751
RMSE ALL = 0.6350204680390469
RMSE tumor = 0.491073064115539
RMSE ALL = 0.9923286043340431
RMSE tumor = 0.8549331585988985
RMSE ALL = 0.3287063586278559
RMSE tumor = 0.19872254860298813
RMSE ALL = 0.5552935443584074
RMSE tumor = 0.42868722845330215
RMSE ALL = 0.7137721912342059
RMSE tumor = 0.5842195556385158
RMSE ALL = 0.45099826612719424
RMSE tumor = 0.3214218301021597
RMSE ALL = 0.7884913362155477
RMSE tumor = 0.6069287697167667
RMSE ALL = 0.8224897044908935
RMSE tumor = 0.6425567526816692
RMSE ALL = 0.5413436849369362
RMSE tumor = 0.3815540936282218
RMSE ALL = 0.4678727640321132
RMSE tumor = 0.3018758355871905
RMSE ALL = 0.8225675199709035
RMSE tumor = 0.638218735217582
RMSE ALL = 1.3453630602729871
RMSE tumor = 1.139096813258665
RMSE ALL = 0.4136747379475484
RMSE tumor = 0.2804077086852854
RMSE ALL = 0.34892216247283503
RMSE tumor = 0.21280542083386633
RMSE ALL = 0.44251902818994565
RMSE tumor = 0.2983678288184422
RMSE ALL = 0.8700402730275582
RMSE tumor = 0.6946499519581925
RMSE ALL = 0.4252757082772837
RMSE tumor = 0.24061297030962103
RMSE ALL = 1.1209978331224488
RMSE tumor = 0.9471189924960584
RMSE ALL = 0.37327421748216194
RMSE tumor = 0.24164847487145993
RMSE ALL = 0.42055990805713545
RMSE tumor = 0.2748860947207051
RMSE ALL = 0.4167090677360563
RMSE tumor = 0.2855840019599345
RMSE ALL = 0.5790432199926172
RMSE tumor = 0.44585940827797343
RMSE ALL = 0.6690727617090622
RMSE tumor = 0.4899778083443662
RMSE ALL = 0.6813291211994894
RMSE tumor = 0.500641329487507
RMSE ALL = 0.7613192669765196
RMSE tumor = 0.5639376289364141
RMSE ALL = 0.32613179802841996
RMSE tumor = 0.16105811293670239
RMSE ALL = 0.6552638966239457
RMSE tumor = 0.4866588092275607
RMSE ALL = 0.8167330213740472
RMSE tumor = 0.6425405753635806
RMSE ALL = 1.0259434634464126
RMSE tumor = 0.8177396736147656
RMSE ALL = 1.0849806154411235
RMSE tumor = 0.8764482192010018
RMSE ALL = 1.0934443932721807
RMSE tumor = 0.8810469742974173
RMSE ALL = 0.7539575777482808
RMSE tumor = 0.557003336583707
RMSE ALL = 0.6471745007642828
RMSE tumor = 0.5230337266640118
RMSE ALL = 0.5415935699248118
RMSE tumor = 0.40342484923201094
RMSE ALL = 1.0666138683950517
RMSE tumor = 0.856252061556129
RMSE ALL = 0.7076083048382242
RMSE tumor = 0.5117374049291337
RMSE ALL = 0.8771875625054396
RMSE tumor = 0.6683691240513862
RMSE ALL = 0.8425561475444082
RMSE tumor = 0.6291261919168304
RMSE ALL = 0.6316560178905637
RMSE tumor = 0.430815663615671
RMSE ALL = 0.9441559588222173
RMSE tumor = 0.7613874157446768
RMSE ALL = 0.718077961641842
RMSE tumor = 0.5174728052720948
RMSE ALL = 0.6947869732239829
RMSE tumor = 0.47366282748430066
RMSE ALL = 0.4455798721301919
RMSE tumor = 0.285709478944252
RMSE ALL = 0.40677950045743894
RMSE tumor = 0.251786741182427
RMSE ALL = 0.5571547027432144
RMSE tumor = 0.40106348582628787
RMSE ALL = 0.8730881582479794
RMSE tumor = 0.6842907066587585
RMSE ALL = 0.997140961006554
RMSE tumor = 0.8146259087324803
RMSE ALL = 0.2396288731852137
RMSE tumor = 0.10978852045332466
RMSE ALL = 0.5369181753689735
RMSE tumor = 0.4037408896544217
RMSE ALL = 0.3790693110448063
RMSE tumor = 0.2580516580524603
RMSE ALL = 0.3674167668900459
RMSE tumor = 0.24987288391981835
RMSE ALL = 0.35990985617667637
RMSE tumor = 0.20301455013151407
RMSE ALL = 0.7586027399791364
RMSE tumor = 0.6067296300083751
RMSE ALL = 0.6573445748554216
RMSE tumor = 0.5028112970479627
RMSE ALL = 1.1013958404384292
RMSE tumor = 0.9295531608968336
RMSE ALL = 0.39326358807570094
RMSE tumor = 0.23373327932320764
RMSE ALL = 0.5654487263687065
RMSE tumor = 0.4173018207029408
RMSE ALL = 0.632061037843501
RMSE tumor = 0.48905434573784307
RMSE ALL = 0.7436093001839488
RMSE tumor = 0.5614792796143337
RMSE ALL = 1.1349304491717755
RMSE tumor = 0.9026721121404736
RMSE ALL = 1.5975425398457843
RMSE tumor = 1.3978715314740844
RMSE ALL = 0.7506570360673388
RMSE tumor = 0.5543047356323331
RMSE ALL = 1.1170691977821594
RMSE tumor = 0.9346953607160003
RMSE ALL = 0.8584575819426097
RMSE tumor = 0.6730005604873087
RMSE ALL = 0.40536792792743526
RMSE tumor = 0.2804091206756391
RMSE ALL = 0.3469086547034832
RMSE tumor = 0.2240236826613087
RMSE ALL = 0.45748761470819294
RMSE tumor = 0.333312232777458
RMSE ALL = 0.4300296133093756
RMSE tumor = 0.28099131582453135
RMSE ALL = 0.7209157811656421
RMSE tumor = 0.5700169581971695
RMSE ALL = 0.9359149770820844
RMSE tumor = 0.7924649886218268
RMSE ALL = 0.4571477453087962
RMSE tumor = 0.3141632324052595
RMSE ALL = 0.7916261960192298
RMSE tumor = 0.6261611828256707
RMSE ALL = 0.5737973326236496
RMSE tumor = 0.4059221805977155
RMSE ALL = 0.5959300754987473
RMSE tumor = 0.4509586581212453
RMSE ALL = 0.7167651915455917
RMSE tumor = 0.5598249141944699
RMSE ALL = 0.45066420793505846
RMSE tumor = 0.2666434712318398
RMSE ALL = 0.4771730242531091
RMSE tumor = 0.3001344817997632
RMSE ALL = 0.7592617775975186
RMSE tumor = 0.5868027200357956
RMSE ALL = 0.9863579084130185
RMSE tumor = 0.8054024257178324
RMSE ALL = 0.7308686973523242
RMSE tumor = 0.5934862011671443
RMSE ALL = 0.5546440267950713
RMSE tumor = 0.39228139613241847
RMSE ALL = 0.668000600330178
RMSE tumor = 0.5375052463520907
RMSE ALL = 0.2773105282557796
RMSE tumor = 0.1502425882385424
RMSE ALL = 0.3716707249702692
RMSE tumor = 0.2458889369154981
RMSE ALL = 0.3554291166189695
RMSE tumor = 0.23754121090629646
RMSE ALL = 0.4859205992337703
RMSE tumor = 0.3587084425184112
RMSE ALL = 1.1172496936305012
RMSE tumor = 0.9104681319567179
RMSE ALL = 0.9203325837297212
RMSE tumor = 0.6993922083025562
RMSE ALL = 0.504304230188952
RMSE tumor = 0.3054489201989515
RMSE ALL = 0.999552005356297
RMSE tumor = 0.8038422276612683
RMSE ALL = 0.5273295780738679
RMSE tumor = 0.3985712244000186
RMSE ALL = 0.42413914960541493
RMSE tumor = 0.2997255769584349
RMSE ALL = 0.5067984805534399
RMSE tumor = 0.385164898578348
RMSE ALL = 0.35811873671514666
RMSE tumor = 0.2367991927825851
RMSE ALL = 0.49131718076239217
RMSE tumor = 0.34144241064196396
RMSE ALL = 0.8362025738565814
RMSE tumor = 0.6876803802872864
RMSE ALL = 0.5110990064212896
RMSE tumor = 0.37640913792952535
RMSE ALL = 0.40648759730229983
RMSE tumor = 0.26768147631078903
RMSE ALL = 0.6266456066948793
RMSE tumor = 0.5029515430875293
RMSE ALL = 0.3764306272197211
RMSE tumor = 0.25356408917681383
RMSE ALL = 0.6129439678669535
RMSE tumor = 0.4482297951271668
RMSE ALL = 0.48438085110222096
RMSE tumor = 0.32501513531908777
RMSE ALL = 0.41071935958145633
RMSE tumor = 0.2412672963355987
RMSE ALL = 0.6782654813240464
RMSE tumor = 0.5190652593867265
RMSE ALL = 1.0670976081490446
RMSE tumor = 0.8818358872786343
RMSE ALL = 0.6727708381880915
RMSE tumor = 0.48632097408544017
RMSE ALL = 0.8080780710894863
RMSE tumor = 0.6121289951415625
RMSE ALL = 0.8116010548817961
RMSE tumor = 0.6126852108700008
RMSE ALL = 0.8272754425138586
RMSE tumor = 0.6337467971740816
RMSE ALL = 0.9702552731012453
RMSE tumor = 0.7739591658819999
RMSE ALL = 0.8607487807902183
RMSE tumor = 0.6558271046857035
RMSE ALL = 0.5837549174265929
RMSE tumor = 0.3788227493066576
RMSE ALL = 0.4946849462030283
RMSE tumor = 0.2888122505672684
RMSE ALL = 0.8722420634626256
RMSE tumor = 0.6872913625956172
RMSE ALL = 0.7523036970741297
RMSE tumor = 0.5602759591533035
RMSE ALL = 1.1370736467650286
RMSE tumor = 0.9318394965082041
RMSE ALL = 0.9227053191670407
RMSE tumor = 0.7190791497097105
RMSE ALL = 0.8951278793449089
RMSE tumor = 0.6715394599527621
RMSE ALL = 0.9179089300348435
RMSE tumor = 0.6935040255602912
RMSE ALL = 0.44701543777301045
RMSE tumor = 0.31450718208107475
RMSE ALL = 0.3959999638036744
RMSE tumor = 0.2672227319837457
RMSE ALL = 0.465895037678871
RMSE tumor = 0.3432665965976787
RMSE ALL = 0.6321068529909399
RMSE tumor = 0.43020779469646
RMSE ALL = 1.1357221917482025
RMSE tumor = 0.9430776774129795
RMSE ALL = 0.6522012581350491
RMSE tumor = 0.44052436533540157
RMSE ALL = 1.6630286304937343
RMSE tumor = 1.4574293280349542
RMSE ALL = 0.8254050311593832
RMSE tumor = 0.6174078860368071
RMSE ALL = 0.9932731478788485
RMSE tumor = 0.79373923307892
RMSE ALL = 0.45639420567222666
RMSE tumor = 0.32842476718237884
RMSE ALL = 0.3806944380500399
RMSE tumor = 0.25776202572579743
RMSE ALL = 0.5693007319740351
RMSE tumor = 0.44123628604064796
RMSE ALL = 0.516469428337291
RMSE tumor = 0.37930835200155144
RMSE ALL = 1.3200446145189804
RMSE tumor = 1.1080582343039589
RMSE ALL = 0.6478025921400983
RMSE tumor = 0.4676792082330327
RMSE ALL = 0.9506142667817382
RMSE tumor = 0.7693872203844809
RMSE ALL = 0.7065078857655341
RMSE tumor = 0.5315852520547163
RMSE ALL = 0.4176273434452753
RMSE tumor = 0.2273319132346947
RMSE ALL = 0.8139542344636845
RMSE tumor = 0.6612871000382005
RMSE ALL = 0.557898129539384
RMSE tumor = 0.40829659099954124
RMSE ALL = 0.7009583777940224
RMSE tumor = 0.5315563007804931
RMSE ALL = 0.7191635832121022
RMSE tumor = 0.5484887851171464
RMSE ALL = 9.49883137108884
RMSE tumor = 9.312431598462808
RMSE ALL = 0.8132900606944634
RMSE tumor = 0.6182421922090108
RMSE ALL = 0.6266674941123862
RMSE tumor = 0.47690254840058083
RMSE ALL = 0.6626194969288117
RMSE tumor = 0.511194646895441
RMSE ALL = 0.4561118326741793
RMSE tumor = 0.31881365656444294
RMSE ALL = 0.5813453225435481
RMSE tumor = 0.4367627821124167
RMSE ALL = 1.246278289967545
RMSE tumor = 1.0549600986918093
RMSE ALL = 1.0705258513893459
RMSE tumor = 0.8622343738869359
RMSE ALL = 0.9545592817183374
RMSE tumor = 0.7415354114160144
RMSE ALL = 1.002550890869367
RMSE tumor = 0.7793829826668303
RMSE ALL = 0.4600993079781865
RMSE tumor = 0.322382649818736
RMSE ALL = 0.6605702225195172
RMSE tumor = 0.5246714227337874
RMSE ALL = 0.49576920951405706
RMSE tumor = 0.35514709022681984
RMSE ALL = 0.4694461213148362
RMSE tumor = 0.3374340417959678
RMSE ALL = 0.23493839319671772
RMSE tumor = 0.10678611086034616
RMSE ALL = 0.5069624010344951
RMSE tumor = 0.3760757896319193
RMSE ALL = 0.3933320586991902
RMSE tumor = 0.26591027157900304
RMSE ALL = 0.5104252357582124
RMSE tumor = 0.37799852499060904
RMSE ALL = 0.4557444801577314
RMSE tumor = 0.2538520631420847
RMSE ALL = 1.1314700864061942
RMSE tumor = 0.9308036809519381
RMSE ALL = 0.7147273847179848
RMSE tumor = 0.5174096625580316
RMSE ALL = 0.9897201582053989
RMSE tumor = 0.7987745926841566
RMSE ALL = 0.37196633753443653
RMSE tumor = 0.23592855102030455
RMSE ALL = 0.4308622032355977
RMSE tumor = 0.29346206011396253
RMSE ALL = 0.5090839804104268
RMSE tumor = 0.37083912632707317
RMSE ALL = 0.7068652117602793
RMSE tumor = 0.5578517911301373
RMSE ALL = 0.732392761547606
RMSE tumor = 0.5827617637981749
RMSE ALL = 0.6571010689286594
RMSE tumor = 0.5077069379006983
RMSE ALL = 0.9175169486705875
RMSE tumor = 0.7076377735993353
RMSE ALL = 0.9047732755427058
RMSE tumor = 0.6987312212557096
RMSE ALL = 0.5719031484744829
RMSE tumor = 0.3718258050556189
RMSE ALL = 0.4161388300922149
RMSE tumor = 0.28493633998671397
RMSE ALL = 0.44095604215405965
RMSE tumor = 0.31524687880331065
RMSE ALL = 0.6179427596880331
RMSE tumor = 0.4631424969869613
RMSE ALL = 0.5022294983698713
RMSE tumor = 0.3528010378420105
RMSE ALL = 0.6145855878324114
RMSE tumor = 0.4712789024167194
RMSE ALL = 0.6698651673467563
RMSE tumor = 0.5262855875235688
RMSE ALL = 0.41203310336686366
RMSE tumor = 0.2756534475798897
RMSE ALL = 0.3318231497740082
RMSE tumor = 0.1856889239689802
RMSE ALL = 0.49395046234685014
RMSE tumor = 0.3598060150638609
RMSE ALL = 0.34740151181079654
RMSE tumor = 0.21197766858557843
RMSE ALL = 0.5238441467235716
RMSE tumor = 0.37238676794056874
RMSE ALL = 0.6818042529150153
RMSE tumor = 0.5280011732917078
RMSE ALL = 0.5818564164041732
RMSE tumor = 0.4270016262560325
RMSE ALL = 0.7276956936273006
RMSE tumor = 0.5686065000902701
RMSE ALL = 0.929127027092843
RMSE tumor = 0.7079658652350634
RMSE ALL = 1.1265955460380963
RMSE tumor = 0.9049472801910897
RMSE ALL = 0.8009802383168013
RMSE tumor = 0.5970061908464679
RMSE ALL = 0.99925800493328
RMSE tumor = 0.7928159902469716
-----
Total RMSE all 0.7118643756685837
RMSE tumor 0.5428078581416016
